<?xml version="1.0" encoding="UTF-8"?>
<!-- Generated by org.testng.reporters.JUnitXMLReporter -->
<testsuite ignored="0" hostname="TMZ-DPC-2239" failures="0" tests="4" name="Default test" time="372.904" errors="0" timestamp="2023-10-30T17:47:30 IST">
  <testcase classname="com.swaglab.SwagLabTest" name="loginTest" time="1.218"/>
  <testcase classname="com.swaglab.SwagLabTest" name="loginTest" time="0.438"/>
  <testcase classname="com.swaglab.SwagLabTest" name="loginTest" time="10.784"/>
  <testcase classname="com.swaglab.SwagLabTest" name="loginTest" time="10.754"/>
</testsuite> <!-- Default test -->
