<?xml version="1.0" encoding="UTF-8"?>
<!-- Generated by org.testng.reporters.JUnitXMLReporter -->
<testsuite ignored="0" hostname="TMZ-DPC-2239" failures="0" tests="2" name="Test chrome" time="58.073" errors="0" timestamp="2023-10-26T16:14:35 IST">
  <testcase classname="parallelexecution.ParaMeter" name="f" time="0.0">
    <skipped/>
  </testcase> <!-- f -->
  <testcase classname="parallelexecution.ParaMeter" name="f1" time="0.0">
    <skipped/>
  </testcase> <!-- f1 -->
</testsuite> <!-- Test chrome -->
