<?xml version="1.0" encoding="UTF-8"?>
<!-- Generated by org.testng.reporters.JUnitXMLReporter -->
<testsuite ignored="4" hostname="TMZ-DPC-2239" failures="0" tests="0" time="0.014" errors="0" timestamp="2023-10-25T10:49:19 IST">
  <testcase classname="parallelexecution.flipkart" name="t2" time="0.0">
    <ignored/>
  </testcase> <!-- t2 -->
  <testcase classname="parallelexecution.flipkart" name="t" time="0.0">
    <ignored/>
  </testcase> <!-- t -->
  <testcase classname="parallelexecution.flipkart" name="f" time="0.0">
    <ignored/>
  </testcase> <!-- f -->
  <testcase classname="parallelexecution.flipkart" name="t1" time="0.0">
    <ignored/>
  </testcase> <!-- t1 -->
</testsuite>
