<?xml version="1.0" encoding="UTF-8"?>
<testng-results ignored="0" total="4" passed="4" failed="0" skipped="0">
  <reporter-output>
  </reporter-output>
  <suite started-at="2023-10-30T17:41:13 IST" name="Default suite" finished-at="2023-10-30T17:47:26 IST" duration-ms="372904">
    <groups>
    </groups>
    <test started-at="2023-10-30T17:41:13 IST" name="Default test" finished-at="2023-10-30T17:47:26 IST" duration-ms="372904">
      <class name="com.swaglab.SwagLabTest">
        <test-method is-config="true" signature="setUp()[pri:0, instance:com.swaglab.SwagLabTest@6bbe85a8]" started-at="2023-10-30T17:41:14 IST" name="setUp" finished-at="2023-10-30T17:41:40 IST" duration-ms="26122" status="PASS">
          <reporter-output>
          </reporter-output>
        </test-method> <!-- setUp -->
        <test-method signature="loginTest(java.lang.String,java.lang.String)[pri:0, instance:com.swaglab.SwagLabTest@6bbe85a8]" started-at="2023-10-30T17:41:40 IST" name="loginTest" data-provider="swagData" finished-at="2023-10-30T17:41:41 IST" duration-ms="1218" status="PASS">
          <params>
            <param index="0">
              <value>
                <![CDATA[standard_user]]>
              </value>
            </param>
            <param index="1">
              <value>
                <![CDATA[secret_sauce]]>
              </value>
            </param>
          </params>
          <reporter-output>
          </reporter-output>
        </test-method> <!-- loginTest -->
        <test-method is-config="true" signature="setUp()[pri:0, instance:com.swaglab.SwagLabTest@6bbe85a8]" started-at="2023-10-30T17:41:41 IST" name="setUp" finished-at="2023-10-30T17:42:01 IST" duration-ms="19954" status="PASS">
          <reporter-output>
          </reporter-output>
        </test-method> <!-- setUp -->
        <test-method signature="loginTest(java.lang.String,java.lang.String)[pri:0, instance:com.swaglab.SwagLabTest@6bbe85a8]" started-at="2023-10-30T17:42:01 IST" name="loginTest" data-provider="swagData" finished-at="2023-10-30T17:42:02 IST" duration-ms="438" status="PASS">
          <params>
            <param index="0">
              <value>
                <![CDATA[locked_out_user]]>
              </value>
            </param>
            <param index="1">
              <value>
                <![CDATA[secret_sauce]]>
              </value>
            </param>
          </params>
          <reporter-output>
          </reporter-output>
        </test-method> <!-- loginTest -->
        <test-method is-config="true" signature="setUp()[pri:0, instance:com.swaglab.SwagLabTest@6bbe85a8]" started-at="2023-10-30T17:42:02 IST" name="setUp" finished-at="2023-10-30T17:42:38 IST" duration-ms="36254" status="PASS">
          <reporter-output>
          </reporter-output>
        </test-method> <!-- setUp -->
        <test-method signature="loginTest(java.lang.String,java.lang.String)[pri:0, instance:com.swaglab.SwagLabTest@6bbe85a8]" started-at="2023-10-30T17:42:38 IST" name="loginTest" data-provider="swagData" finished-at="2023-10-30T17:42:49 IST" duration-ms="10784" status="PASS">
          <params>
            <param index="0">
              <value>
                <![CDATA[problem_user]]>
              </value>
            </param>
            <param index="1">
              <value>
                <![CDATA[secret_sauce]]>
              </value>
            </param>
          </params>
          <reporter-output>
          </reporter-output>
        </test-method> <!-- loginTest -->
        <test-method is-config="true" signature="setUp()[pri:0, instance:com.swaglab.SwagLabTest@6bbe85a8]" started-at="2023-10-30T17:42:49 IST" name="setUp" finished-at="2023-10-30T17:47:15 IST" duration-ms="266299" status="PASS">
          <reporter-output>
          </reporter-output>
        </test-method> <!-- setUp -->
        <test-method signature="loginTest(java.lang.String,java.lang.String)[pri:0, instance:com.swaglab.SwagLabTest@6bbe85a8]" started-at="2023-10-30T17:47:15 IST" name="loginTest" data-provider="swagData" finished-at="2023-10-30T17:47:26 IST" duration-ms="10754" status="PASS">
          <params>
            <param index="0">
              <value>
                <![CDATA[performance_glitch_user]]>
              </value>
            </param>
            <param index="1">
              <value>
                <![CDATA[secret_sauce]]>
              </value>
            </param>
          </params>
          <reporter-output>
          </reporter-output>
        </test-method> <!-- loginTest -->
        <test-method is-config="true" signature="close()[pri:0, instance:com.swaglab.SwagLabTest@6bbe85a8]" started-at="2023-10-30T17:47:26 IST" name="close" finished-at="2023-10-30T17:47:26 IST" duration-ms="1" status="PASS">
          <reporter-output>
          </reporter-output>
        </test-method> <!-- close -->
      </class> <!-- com.swaglab.SwagLabTest -->
    </test> <!-- Default test -->
  </suite> <!-- Default suite -->
</testng-results>
